JvmtiExport can_access_local_variables 0
JvmtiExport can_hotswap_or_post_breakpoint 0
JvmtiExport can_post_on_exceptions 0
# 692 ciObject found
instanceKlass com/android/tools/r8/ProgramResource$FileResource
instanceKlass com/android/build/gradle/internal/tasks/DesugarIncrementalHelper$$Lambda$1381
instanceKlass com/android/builder/desugaring/DesugaringGraph$$Lambda$1380
instanceKlass com/android/build/gradle/internal/tasks/DesugarIncrementalHelper$$Lambda$1379
instanceKlass com/google/common/collect/AbstractMapBasedMultimap$AsMap$AsMapIterator
instanceKlass org/gradle/api/internal/tasks/compile/SourceClassesMappingFileAccessor$$Lambda$1378
instanceKlass org/gradle/api/internal/tasks/compile/SourceClassesMappingFileAccessor$$Lambda$1377
instanceKlass org/gradle/api/internal/tasks/compile/SourceClassesMappingFileAccessor$$Lambda$1376
instanceKlass org/gradle/api/internal/tasks/compile/SourceClassesMappingFileAccessor$$Lambda$1375
instanceKlass org/gradle/api/internal/tasks/compile/incremental/recomp/JavaRecompilationSpecProvider$$Lambda$1374
instanceKlass org/gradle/api/internal/tasks/compile/incremental/recomp/JavaRecompilationSpecProvider$$Lambda$1373
instanceKlass org/gradle/api/internal/tasks/compile/incremental/recomp/JavaRecompilationSpecProvider$$Lambda$1372
instanceKlass it/unimi/dsi/fastutil/ints/IntIterators$EmptyIterator
instanceKlass it/unimi/dsi/fastutil/ints/IntList
instanceKlass it/unimi/dsi/fastutil/ints/IntListIterator
instanceKlass it/unimi/dsi/fastutil/ints/IntIterators
instanceKlass org/gradle/api/internal/tasks/compile/incremental/recomp/SourceFileChangeProcessor
instanceKlass org/gradle/internal/fingerprint/impl/PatternSetSnapshottingFilter$LogicalFileTreeElement
instanceKlass com/google/protobuf/ByteString$CodedBuilder
instanceKlass com/google/protobuf/Utf8$Processor
instanceKlass com/google/protobuf/Utf8
instanceKlass com/google/protobuf/WireFormat
instanceKlass com/google/protobuf/UnsafeUtil$1
instanceKlass com/google/protobuf/UnsafeUtil$MemoryAccessor
instanceKlass com/google/protobuf/UnsafeUtil
instanceKlass com/google/protobuf/Writer
instanceKlass com/google/protobuf/ByteOutput
instanceKlass com/google/protobuf/ByteString$2
instanceKlass com/google/protobuf/ByteString$ArraysByteArrayCopier
instanceKlass com/google/protobuf/Android
instanceKlass com/google/protobuf/ByteString$ByteIterator
instanceKlass com/google/protobuf/ByteString$ByteArrayCopier
instanceKlass com/google/protobuf/ByteString
instanceKlass com/google/wireless/android/play/playlog/proto/ClientAnalytics$LogEventOrBuilder
instanceKlass com/google/wireless/android/sdk/stats/AndroidStudioEvent$EventKind$1
instanceKlass com/google/wireless/android/sdk/stats/AndroidStudioEvent$EventCategory$1
instanceKlass org/gradle/internal/remote/internal/inet/SocketConnection$1
instanceKlass com/google/wireless/android/sdk/stats/GradleSyncIssueOrBuilder
instanceKlass org/gradle/internal/work/DefaultWorkerLeaseService$1
instanceKlass org/gradle/tooling/internal/provider/SessionScopeBuildActionExecuter$1
instanceKlass org/gradle/cache/internal/DefaultCleanupProgressMonitor
instanceKlass org/gradle/cache/internal/VersionSpecificCacheCleanupAction
instanceKlass com/google/wireless/android/sdk/stats/IntellijProjectSizeStatsOrBuilder
instanceKlass org/gradle/workers/internal/WorkerDaemonClientsManager$StopSessionScopedWorkers$$Lambda$1371
instanceKlass org/gradle/workers/internal/WorkerDaemonClient
instanceKlass org/gradle/execution/PassThruCancellableOperationManager
instanceKlass org/gradle/cache/internal/DefaultMultiProcessSafePersistentIndexedCache$4
instanceKlass com/google/wireless/android/sdk/stats/AndroidStudioEvent$1
instanceKlass com/google/wireless/android/sdk/stats/DaggerEditorEventOrBuilder
instanceKlass com/google/wireless/android/sdk/stats/NavSafeArgsEventOrBuilder
instanceKlass com/google/wireless/android/sdk/stats/AvdLaunchEventOrBuilder
instanceKlass com/google/wireless/android/sdk/stats/MlModelBindingEventOrBuilder
instanceKlass com/google/wireless/android/sdk/stats/AppInspectionEventOrBuilder
instanceKlass com/google/wireless/android/sdk/stats/TypingLatencyStatsOrBuilder
instanceKlass com/google/wireless/android/sdk/stats/ComposeSampleEventOrBuilder
instanceKlass com/google/wireless/android/sdk/stats/ImportSampleEventOrBuilder
instanceKlass com/google/wireless/android/sdk/stats/IdePluginInfoOrBuilder
instanceKlass com/google/wireless/android/sdk/stats/ResourceManagerEventOrBuilder
instanceKlass com/google/wireless/android/sdk/stats/MemorySettingsEventOrBuilder
instanceKlass com/google/wireless/android/sdk/stats/DataBindingEventOrBuilder
instanceKlass com/google/wireless/android/sdk/stats/MultiViewEventOrBuilder
instanceKlass com/google/wireless/android/sdk/stats/DialogStatsOrBuilder
instanceKlass com/google/wireless/android/sdk/stats/NavEditorEventOrBuilder
instanceKlass com/google/wireless/android/sdk/stats/ApkDebugProjectOrBuilder
instanceKlass com/google/wireless/android/sdk/stats/JniInspectionEventOrBuilder
instanceKlass com/google/wireless/android/sdk/stats/PSDEventOrBuilder
instanceKlass com/google/wireless/android/sdk/stats/LayoutInspectorEventOrBuilder
instanceKlass com/google/wireless/android/sdk/stats/KotlinSupportOrBuilder
instanceKlass com/google/wireless/android/sdk/stats/LayoutEditorEventOrBuilder
instanceKlass com/google/wireless/android/sdk/stats/LintActionOrBuilder
instanceKlass com/google/wireless/android/sdk/stats/AdbAssistantStatsOrBuilder
instanceKlass com/google/wireless/android/sdk/stats/CMakeEditingEventOrBuilder
instanceKlass com/google/wireless/android/sdk/stats/AndroidProfilerEventOrBuilder
instanceKlass com/google/wireless/android/sdk/stats/ApkAnalyzerStatsOrBuilder
instanceKlass com/google/wireless/android/sdk/stats/StudioRunEventOrBuilder
instanceKlass com/google/wireless/android/sdk/stats/LintSessionOrBuilder
instanceKlass com/google/wireless/android/sdk/stats/OomDialogEventOrBuilder
instanceKlass com/google/wireless/android/sdk/stats/CppHeadersViewEventOrBuilder
instanceKlass com/google/wireless/android/sdk/stats/GradleSyncStatsOrBuilder
instanceKlass com/google/wireless/android/sdk/stats/RunEventOrBuilder
instanceKlass com/google/wireless/android/sdk/stats/UserSentimentOrBuilder
instanceKlass com/google/wireless/android/sdk/stats/EmulatorDetailsOrBuilder
instanceKlass com/google/wireless/android/sdk/stats/TestRecorderDetailsOrBuilder
instanceKlass com/google/wireless/android/sdk/stats/LLDBFrontendDetailsOrBuilder
instanceKlass com/google/wireless/android/sdk/stats/EmulatorUiEventOrBuilder
instanceKlass com/google/wireless/android/sdk/stats/TestRunOrBuilder
instanceKlass com/google/wireless/android/sdk/stats/DeviceInfoOrBuilder
instanceKlass com/google/wireless/android/sdk/stats/GradleBuildDetailsOrBuilder
instanceKlass com/google/wireless/android/sdk/stats/FirebaseErrorDetailsOrBuilder
instanceKlass com/google/wireless/android/sdk/stats/HypervisorOrBuilder
instanceKlass com/google/wireless/android/sdk/stats/EmulatorHostOrBuilder
instanceKlass com/google/wireless/android/sdk/stats/InstantRunOrBuilder
instanceKlass com/google/wireless/android/sdk/stats/StudioProjectChangeOrBuilder
instanceKlass com/google/wireless/android/sdk/stats/LldbPerformanceStatsOrBuilder
instanceKlass com/google/wireless/android/sdk/stats/StudioCrashOrBuilder
instanceKlass org/gradle/launcher/exec/BuildActionResult
instanceKlass org/gradle/tooling/internal/provider/serialization/SerializedPayload
instanceKlass org/gradle/api/internal/tasks/execution/statistics/TaskExecutionStatistics
instanceKlass org/gradle/internal/buildevents/TaskExecutionStatisticsReporter
instanceKlass com/google/wireless/android/sdk/stats/JvmDetailsOrBuilder
instanceKlass com/google/wireless/android/sdk/stats/UIActionStatsOrBuilder
instanceKlass com/google/wireless/android/sdk/stats/MachineDetailsOrBuilder
instanceKlass org/gradle/internal/logging/text/AbstractStyledTextOutput$StyleOverrideTextOutput
instanceKlass com/google/wireless/android/sdk/stats/MetaMetricsOrBuilder
instanceKlass com/google/wireless/android/sdk/stats/GfxTracingDetailsOrBuilder
instanceKlass org/gradle/api/internal/artifacts/DependencyManagementBuildScopeServices$3$$Lambda$1370
instanceKlass com/google/wireless/android/sdk/stats/ProductDetailsOrBuilder
instanceKlass com/google/wireless/android/sdk/stats/StudioPerformanceStatsOrBuilder
instanceKlass com/google/wireless/android/sdk/stats/IntellijIndexingStatsOrBuilder
instanceKlass com/google/wireless/android/sdk/stats/EmulatorPerformanceStatsOrBuilder
instanceKlass com/google/wireless/android/sdk/stats/StudioUpdateFlowEventOrBuilder
instanceKlass com/google/wireless/android/sdk/stats/BuildAttributionStatsOrBuilder
instanceKlass com/google/wireless/android/sdk/stats/WhatsNewAssistantUpdateEventOrBuilder
instanceKlass com/google/wireless/android/sdk/stats/LldbSessionStartDetailsOrBuilder
instanceKlass com/google/wireless/android/sdk/stats/StudioPatchUpdaterEventOrBuilder
instanceKlass com/google/wireless/android/sdk/stats/BuildAttributionUiEventOrBuilder
instanceKlass com/google/wireless/android/sdk/stats/ConnectionAssistantEventOrBuilder
instanceKlass com/google/wireless/android/sdk/stats/GradlePluginDslUsageStatsOrBuilder
instanceKlass com/google/wireless/android/sdk/stats/WindowsDefenderStatusOrBuilder
instanceKlass com/google/wireless/android/sdk/stats/LldbSessionEndDetailsOrBuilder
instanceKlass com/google/wireless/android/sdk/stats/EditorHighlightingStatsOrBuilder
instanceKlass com/google/wireless/android/sdk/stats/StudioToolWindowActionStatsOrBuilder
instanceKlass com/google/wireless/android/sdk/stats/BuildOutputWindowStatsOrBuilder
instanceKlass com/google/wireless/android/sdk/stats/ParallelAndroidTestReportUiEventOrBuilder
instanceKlass com/google/wireless/android/sdk/stats/DesignEditorHelpPanelEventOrBuilder
instanceKlass com/google/wireless/android/sdk/stats/AndroidCppExtensionEventOrBuilder
instanceKlass com/google/wireless/android/sdk/stats/EditorCompletionStatsOrBuilder
instanceKlass com/google/wireless/android/sdk/stats/DefaultActivityLocatorStatsOrBuilder
instanceKlass com/google/wireless/android/sdk/stats/GradlePluginUpgradeDialogStatsOrBuilder
instanceKlass com/google/wireless/android/sdk/stats/AppLinksAssistantEventOrBuilder
instanceKlass com/google/wireless/android/sdk/stats/DynamicLayoutInspectorEventOrBuilder
instanceKlass com/google/wireless/android/sdk/stats/AndroidProfilerDbStatsOrBuilder
instanceKlass com/google/wireless/android/sdk/stats/WhatsNewAssistantEventOrBuilder
instanceKlass com/google/wireless/android/sdk/stats/FirebaseContextDetailsOrBuilder
instanceKlass com/google/wireless/android/sdk/stats/MotionLayoutEditorEventOrBuilder
instanceKlass com/google/common/io/Closeables
instanceKlass com/google/wireless/android/sdk/stats/AndroidStudioEventOrBuilder
instanceKlass com/android/builder/internal/aapt/v2/Aapt2DaemonImpl$AllowShutdown
instanceKlass com/android/build/gradle/internal/services/Aapt2Workers
instanceKlass com/android/build/gradle/internal/services/Aapt2WorkersBuildServiceKey
instanceKlass com/android/builder/profile/ProcessProfileWriterFactory$$Lambda$1369
instanceKlass com/sun/jmx/mbeanserver/Repository$ObjectNamePattern
instanceKlass org/gradle/api/services/internal/BuildServiceProvider$$Lambda$1368
instanceKlass com/android/ide/common/attribution/AndroidGradlePluginAttributionData$Companion
instanceKlass com/android/ide/common/attribution/AndroidGradlePluginAttributionData
instanceKlass org/gradle/tooling/provider/model/internal/DefaultToolingModelBuilderRegistry$BuildOperationWrappingToolingModelBuilder$1$1
instanceKlass org/gradle/tooling/provider/model/internal/DefaultToolingModelBuilderRegistry$BuildOperationWrappingToolingModelBuilder$1
instanceKlass org/gradle/tooling/provider/model/internal/DefaultToolingModelBuilderRegistry$BuildOperationWrappingToolingModelBuilder
instanceKlass org/gradle/tooling/model/cpp/CppProject
instanceKlass org/gradle/tooling/model/ProjectModel
instanceKlass org/gradle/tooling/model/kotlin/dsl/KotlinDslScriptsModel
instanceKlass org/gradle/api/internal/artifacts/DependencyManagementGradleUserHomeScopeServices$2$$Lambda$1367
instanceKlass com/google/common/cache/LocalCache$WriteThroughEntry
instanceKlass com/google/common/cache/LocalCache$HashIterator
instanceKlass org/gradle/execution/taskgraph/DefaultTaskExecutionGraph$$Lambda$1366
instanceKlass org/gradle/execution/plan/DefaultPlanExecutor$$Lambda$1365
instanceKlass com/android/build/gradle/tasks/PackageAndroidArtifact$IncrementalSplitterRunnable$$Lambda$1364
instanceKlass com/android/build/gradle/tasks/PackageAndroidArtifact$$Lambda$1363
instanceKlass java/util/stream/DistinctOps
instanceKlass com/android/build/gradle/tasks/PackageAndroidArtifact$$Lambda$1362
instanceKlass com/android/build/gradle/tasks/PackageAndroidArtifact$$Lambda$1361
instanceKlass com/android/signflinger/ApkSigningBlock
instanceKlass com/android/signflinger/SigningBlockUtils
instanceKlass com/android/apksig/DefaultApkSignerEngine$OutputApkSigningBlockRequestImpl
instanceKlass sun/security/rsa/RSACore$BlindingRandomPair
instanceKlass sun/security/jca/JCAUtil$CachedSecureRandomHolder
instanceKlass sun/security/jca/JCAUtil
instanceKlass sun/security/rsa/RSACore$BlindingParameters
instanceKlass com/android/apksig/internal/apk/v2/V2SchemeSigner$V2SignatureSchemeBlock$Signer
instanceKlass com/android/apksig/internal/apk/v2/V2SchemeSigner$V2SignatureSchemeBlock$SignedData
instanceKlass com/android/apksig/internal/util/ByteBufferUtils
instanceKlass com/android/apksig/internal/x509/RSAPublicKey
instanceKlass com/android/apksig/internal/asn1/Asn1OpaqueObject
instanceKlass com/android/apksig/internal/asn1/Asn1BerParser$BerToJavaConverter
instanceKlass com/android/apksig/internal/asn1/Asn1BerParser$$Lambda$1360
instanceKlass com/android/apksig/internal/asn1/Asn1BerParser$AnnotatedField
instanceKlass com/android/apksig/internal/asn1/Asn1Field
instanceKlass com/android/apksig/internal/pkcs7/AlgorithmIdentifier
instanceKlass com/android/apksig/internal/asn1/ber/BerEncoding$1
instanceKlass com/android/apksig/internal/asn1/Asn1BerParser$1
instanceKlass com/android/apksig/internal/asn1/Asn1Class
instanceKlass com/android/apksig/internal/asn1/ber/BerDataValue
instanceKlass com/android/apksig/internal/asn1/ber/BerEncoding
instanceKlass com/android/apksig/internal/asn1/ber/ByteBufferBerDataValueReader
instanceKlass com/android/apksig/internal/asn1/ber/BerDataValueReader
instanceKlass com/android/apksig/internal/asn1/Asn1BerParser
instanceKlass com/android/apksig/internal/x509/SubjectPublicKeyInfo
instanceKlass com/android/apksig/internal/apk/ApkSigningBlockUtils$SigningSchemeBlockAndDigests
instanceKlass com/android/apksig/internal/apk/ApkSigningBlockUtils$ChunkSupplier$Chunk
instanceKlass com/android/apksig/internal/util/MessageDigestSink
instanceKlass com/android/apksig/util/ReadableDataSink
instanceKlass com/android/apksig/util/DataSink
instanceKlass com/android/apksig/util/DataSinks
instanceKlass com/android/apksig/internal/apk/ApkSigningBlockUtils$ChunkDigester
instanceKlass com/android/apksig/internal/apk/ApkSigningBlockUtils$$Lambda$1359
instanceKlass com/android/apksig/internal/apk/ApkSigningBlockUtils$ChunkSupplier
instanceKlass com/android/apksig/internal/apk/ApkSigningBlockUtils$ChunkDigests
instanceKlass java/security/spec/MGF1ParameterSpec
instanceKlass java/security/spec/PSSParameterSpec
instanceKlass com/android/apksig/internal/apk/v2/V2SchemeSigner
instanceKlass com/android/apksig/internal/apk/ApkSigningBlockUtils$SignerConfig
instanceKlass com/android/apksig/internal/util/ByteBufferDataSource
instanceKlass com/android/apksig/internal/zip/ZipUtils
instanceKlass com/android/apksig/internal/util/Pair
instanceKlass com/android/apksig/internal/apk/ApkSigningBlockUtils
instanceKlass com/android/apksig/internal/util/FileChannelDataSource
instanceKlass com/android/apksig/util/DataSources
instanceKlass com/google/common/collect/HashBiMap$Itr
instanceKlass sun/nio/ch/Util$5
instanceKlass sun/nio/ch/FileChannelImpl$Unmapper
instanceKlass java/nio/channels/FileChannel$MapMode
instanceKlass com/android/zipflinger/Compressor
instanceKlass com/android/zipflinger/ZipSource
instanceKlass com/android/builder/internal/packaging/IncrementalPackager$$Lambda$1358
instanceKlass com/android/builder/internal/packaging/IncrementalPackager$$Lambda$1357
instanceKlass com/android/builder/internal/packaging/IncrementalPackager$$Lambda$1356
instanceKlass com/android/builder/internal/packaging/IncrementalPackager$$Lambda$1355
instanceKlass com/android/builder/internal/packaging/IncrementalPackager$$Lambda$1354
instanceKlass com/android/builder/internal/packaging/ApkFlinger$writeFile$1
instanceKlass com/android/builder/internal/packaging/IncrementalPackager$$Lambda$1353
instanceKlass com/android/builder/internal/packaging/IncrementalPackager$$Lambda$1352
instanceKlass com/android/builder/internal/packaging/IncrementalPackager$$Lambda$1351
instanceKlass com/android/builder/internal/packaging/IncrementalPackager$$Lambda$1350
instanceKlass com/android/builder/internal/packaging/IncrementalPackager$$Lambda$1349
instanceKlass com/android/builder/internal/packaging/IncrementalPackager$$Lambda$1348
instanceKlass com/android/zipflinger/SynchronizedArchive
instanceKlass com/android/apksig/util/RunnablesExecutor$1
instanceKlass com/android/apksig/util/RunnablesExecutor$$Lambda$1347
instanceKlass com/android/apksig/ApkSignerEngine$OutputApkSigningBlockRequest2
instanceKlass com/android/apksig/ApkSignerEngine$OutputApkSigningBlockRequest
instanceKlass com/android/apksig/ApkSignerEngine$InspectJarEntryRequest
instanceKlass com/android/apksig/ApkSignerEngine$OutputJarSignatureRequest
instanceKlass com/android/apksig/DefaultApkSignerEngine
instanceKlass com/android/apksig/DefaultApkSignerEngine$Builder
instanceKlass com/android/apksig/DefaultApkSignerEngine$SignerConfig
instanceKlass com/android/apksig/DefaultApkSignerEngine$SignerConfig$Builder
instanceKlass com/android/zipflinger/Entry
instanceKlass com/android/zipflinger/Zip64Locator
instanceKlass com/android/zipflinger/ZipMap
instanceKlass com/android/apksig/util/DataSource
instanceKlass com/android/apksig/ApkSignerEngine
instanceKlass com/android/signflinger/SignedApk
instanceKlass com/android/signflinger/SignedApkOptions
instanceKlass com/android/signflinger/SignedApkOptions$Builder
instanceKlass com/android/builder/internal/packaging/ApkFlinger$1
instanceKlass com/android/builder/internal/packaging/ApkFlinger$WhenMappings
instanceKlass com/android/builder/internal/packaging/ApkFlinger
instanceKlass com/android/builder/internal/packaging/IncrementalPackager$1
instanceKlass com/android/builder/internal/packaging/IncrementalPackager$$Lambda$1346
instanceKlass com/android/builder/internal/packaging/IncrementalPackager$$Lambda$1345
instanceKlass com/android/builder/internal/packaging/IncrementalPackager$$Lambda$1344
instanceKlass com/android/builder/internal/packaging/PackagedFileUpdates
instanceKlass com/google/common/base/Predicates$CompositionPredicate
instanceKlass com/google/common/base/Predicates
instanceKlass com/android/builder/internal/packaging/IncrementalPackager$$Lambda$1343
instanceKlass com/android/builder/internal/packaging/DexIncrementalRenameManager$1
instanceKlass com/android/builder/internal/packaging/DexIncrementalRenameManager$$Lambda$1342
instanceKlass com/android/builder/internal/packaging/DexIncrementalRenameManager$$Lambda$1341
instanceKlass com/android/builder/internal/packaging/PackagedFileUpdate
instanceKlass com/android/builder/internal/packaging/DexIncrementalRenameManager$$Lambda$1340
instanceKlass com/android/builder/internal/packaging/DexIncrementalRenameManager$Bucket
instanceKlass com/android/builder/internal/packaging/DexFileNameSupplier
instanceKlass com/android/builder/internal/packaging/DexIncrementalRenameManager$$Lambda$1339
instanceKlass com/android/builder/internal/packaging/DexIncrementalRenameManager$DexFileComparator
instanceKlass com/android/builder/internal/packaging/DexIncrementalRenameManager$$Lambda$1338
instanceKlass com/android/builder/internal/packaging/DexIncrementalRenameManager$$Lambda$1337
instanceKlass com/android/builder/files/NativeLibraryAbiPredicate
instanceKlass com/android/builder/internal/packaging/DexIncrementalRenameManager
instanceKlass com/android/tools/build/apkzlib/zfile/ApkZFileCreatorFactory
instanceKlass com/android/tools/build/apkzlib/zfile/ApkCreatorFactory
instanceKlass com/android/tools/build/apkzlib/zip/ZFileOptions$$Lambda$1336
instanceKlass com/android/tools/build/apkzlib/zip/VerifyLog
instanceKlass com/android/tools/build/apkzlib/zip/VerifyLogs
instanceKlass com/android/tools/build/apkzlib/zip/AlignmentRules$$Lambda$1335
instanceKlass com/android/tools/build/apkzlib/zip/AlignmentRules
instanceKlass com/android/tools/build/apkzlib/zip/AlignmentRule
instanceKlass com/android/tools/build/apkzlib/zip/ZFileOptions$$Lambda$1334
instanceKlass com/android/tools/build/apkzlib/zip/compress/ExecutorCompressor
instanceKlass com/android/tools/build/apkzlib/zip/ZFileOptions$$Lambda$1333
instanceKlass com/android/tools/build/apkzlib/bytestorage/TemporaryDirectoryFactory
instanceKlass com/android/tools/build/apkzlib/bytestorage/TemporaryDirectory
instanceKlass com/android/tools/build/apkzlib/bytestorage/OverflowToDiskByteStorageFactory
instanceKlass com/android/tools/build/apkzlib/bytestorage/ByteStorage
instanceKlass com/android/tools/build/apkzlib/bytestorage/ChunkBasedByteStorageFactory
instanceKlass com/android/tools/build/apkzlib/zip/Compressor
instanceKlass com/android/tools/build/apkzlib/bytestorage/ByteStorageFactory
instanceKlass com/android/tools/build/apkzlib/zip/ZFileOptions
instanceKlass com/android/build/gradle/internal/packaging/ApkCreatorFactories
instanceKlass com/android/builder/internal/packaging/IncrementalPackager
instanceKlass com/android/build/gradle/internal/packaging/IncrementalPackagerBuilder$$Lambda$1332
instanceKlass com/android/builder/packaging/PackagingUtils$$Lambda$1331
instanceKlass com/android/build/gradle/internal/packaging/IncrementalPackagerBuilder$$Lambda$1330
instanceKlass com/android/apksig/util/RunnablesExecutor
instanceKlass com/android/apksig/util/RunnablesProvider
instanceKlass com/android/build/gradle/internal/packaging/IncrementalPackagerBuilder$1
instanceKlass com/android/tools/build/apkzlib/sign/SigningOptions$Builder
instanceKlass com/android/tools/build/apkzlib/sign/SigningOptions
instanceKlass com/android/ide/common/signing/CertificateInfo
instanceKlass java/security/KeyStore$PrivateKeyEntry
instanceKlass java/security/KeyStore$Entry
instanceKlass sun/security/pkcs/EncryptedPrivateKeyInfo
instanceKlass sun/security/provider/KeyProtector
instanceKlass sun/security/provider/JavaKeyStore$TrustedCertEntry
instanceKlass java/security/KeyStore$PasswordProtection
instanceKlass java/util/logging/Logger$1
instanceKlass sun/security/provider/JavaKeyStore$KeyEntry
instanceKlass sun/security/provider/KeyStoreDelegator$1
instanceKlass java/security/KeyStoreSpi
instanceKlass com/android/tools/build/apkzlib/zfile/ApkCreatorFactory$CreationData$$Lambda$1329
instanceKlass com/android/tools/build/apkzlib/zfile/ApkCreatorFactory$CreationData$Builder
instanceKlass com/android/tools/build/apkzlib/zfile/ApkCreatorFactory$CreationData
instanceKlass com/android/build/gradle/internal/packaging/IncrementalPackagerBuilder
instanceKlass com/android/build/gradle/tasks/PackageAndroidArtifact$$Lambda$1328
instanceKlass com/android/tools/build/apkzlib/utils/IOExceptionRunnable$$Lambda$1327
instanceKlass com/android/builder/files/IncrementalRelativeFileSets$$Lambda$1326
instanceKlass com/android/tools/build/apkzlib/utils/IOExceptionRunnable
instanceKlass com/android/builder/files/DirectoryEntry
instanceKlass com/android/builder/files/ZipCentralDirectoryKt
instanceKlass com/android/builder/files/ZipCentralDirectory$CdrInfo
instanceKlass com/android/builder/files/IncrementalRelativeFileSets
instanceKlass com/android/builder/files/ZipCentralDirectory
instanceKlass com/android/builder/files/IncrementalChanges
instanceKlass com/android/build/gradle/tasks/PackageAndroidArtifact$IncrementalSplitterRunnable$$Lambda$1325
instanceKlass com/android/build/api/artifact/impl/ArtifactTransformationRequestImpl$submit$4
instanceKlass com/android/build/gradle/internal/signing/SigningConfigProviderParams$Companion
instanceKlass com/android/build/gradle/tasks/IncrementalChangesUtils$WhenMappings
instanceKlass com/android/builder/files/SerializableChange$Companion
instanceKlass com/android/builder/files/SerializableChange
instanceKlass com/android/builder/files/SerializableInputChanges$Companion
instanceKlass com/android/build/gradle/tasks/IncrementalChangesUtils
instanceKlass com/android/build/api/variant/impl/VariantOutputListKt
instanceKlass com/android/builder/files/SerializableInputChanges
instanceKlass com/android/build/api/artifact/impl/ArtifactTransformationRequestImpl$submit$$inlined$forEach$lambda$1
instanceKlass com/android/build/gradle/tasks/PackageAndroidArtifact$$Lambda$1324
instanceKlass com/android/build/gradle/tasks/PackageAndroidArtifact$IncrementalSplitterRunnable
instanceKlass org/gradle/internal/execution/history/changes/DefaultFileChange$1
instanceKlass com/android/manifmerger/PlaceholderHandler
instanceKlass com/android/builder/packaging/PackagingUtils
instanceKlass com/android/build/gradle/tasks/PackageAndroidArtifact$$Lambda$1323
instanceKlass com/android/builder/core/DefaultManifestParser
instanceKlass com/android/build/gradle/tasks/PackageAndroidArtifact$$Lambda$1322
instanceKlass com/android/tools/r8/graph/l0$a
instanceKlass com/android/tools/r8/t/a/a/a/f/b
instanceKlass com/android/tools/r8/code/v1$a
instanceKlass com/android/tools/r8/dex/n$$Lambda$1321
instanceKlass com/android/tools/r8/dex/n$$Lambda$1320
instanceKlass java/lang/invoke/LambdaForm$DMH
instanceKlass com/android/tools/r8/dex/n$c
instanceKlass com/android/tools/r8/code/L
instanceKlass com/android/tools/r8/code/K
instanceKlass com/android/tools/r8/dex/n$$Lambda$1319
instanceKlass com/android/tools/r8/dex/n$$Lambda$1318
instanceKlass com/android/tools/r8/dex/n$$Lambda$1317
instanceKlass com/android/tools/r8/dex/n$$Lambda$1315
instanceKlass com/android/tools/r8/dex/n$$Lambda$1314
instanceKlass com/android/tools/r8/dex/n$$Lambda$1311
instanceKlass com/android/tools/r8/dex/n$$Lambda$1309
instanceKlass com/android/tools/r8/dex/n$d
instanceKlass com/android/tools/r8/dex/n$$Lambda$1308
instanceKlass com/android/tools/r8/dex/n$$Lambda$1305
instanceKlass com/android/tools/r8/dex/n$$Lambda$1303
instanceKlass com/android/tools/r8/dex/n$b
instanceKlass com/android/tools/r8/dex/a$a$$Lambda$1301
instanceKlass com/android/tools/r8/dex/a$a$$Lambda$1300
instanceKlass com/android/tools/r8/dex/n$$Lambda$1299
instanceKlass com/android/tools/r8/dex/d$$Lambda$1298
instanceKlass com/android/tools/r8/q/a/b/m/a
instanceKlass com/android/tools/r8/q/a/b/g
instanceKlass com/android/tools/r8/dex/p
instanceKlass com/android/tools/r8/graph/h1
instanceKlass com/android/tools/r8/dex/n
instanceKlass com/android/tools/r8/utils/X0
instanceKlass com/android/builder/dexing/NonIncrementalJarDexArchive
instanceKlass com/android/tools/r8/D8Command$Builder$$Lambda$1297
instanceKlass com/android/builder/dexing/DexArchiveEntry
instanceKlass com/android/builder/dexing/DirDexArchive
instanceKlass com/android/builder/dexing/DexArchives$$Lambda$1296
instanceKlass com/android/builder/dexing/DexArchive
instanceKlass com/android/builder/dexing/DexArchives
instanceKlass com/android/builder/dexing/D8DexArchiveMerger
instanceKlass com/android/builder/dexing/DexArchiveMerger
instanceKlass com/android/build/gradle/internal/transforms/DexMergerTransformCallable$1
instanceKlass com/android/build/gradle/internal/transforms/DexMergerTransformCallable
instanceKlass kotlin/collections/AbstractIterator$WhenMappings
instanceKlass kotlin/io/FileTreeWalk$WalkState
instanceKlass kotlin/io/FileTreeWalk$FileTreeWalkIterator$WhenMappings
instanceKlass kotlin/collections/AbstractIterator
instanceKlass kotlin/io/FileTreeWalk
instanceKlass com/android/ide/common/process/BaseProcessOutputHandler$BaseProcessOutput
instanceKlass com/android/ide/common/blame/parser/DexParser
instanceKlass com/android/ide/common/blame/parser/PatternAwareOutputParser
instanceKlass com/android/ide/common/blame/parser/ToolOutputParser
instanceKlass com/android/ide/common/process/ProcessOutput
instanceKlass com/android/ide/common/process/BaseProcessOutputHandler
instanceKlass com/google/common/collect/ImmutableSet$SerializedForm
instanceKlass com/android/build/gradle/internal/tasks/DexMergingParams
instanceKlass com/android/build/gradle/internal/tasks/DexMergingTaskRunnable
instanceKlass org/gradle/internal/execution/steps/CleanupOutputsStep$1
instanceKlass org/gradle/internal/execution/steps/CleanupOutputsStep$$Lambda$1295
instanceKlass org/gradle/internal/execution/steps/CleanupOutputsStep$$Lambda$1294
instanceKlass org/gradle/internal/execution/history/changes/NonIncrementalInputChanges
instanceKlass java/util/Vector$Itr
instanceKlass java/util/zip/ZipOutputStream$XEntry
instanceKlass java/util/zip/Deflater
instanceKlass com/android/tools/r8/q/a/a/d/n
instanceKlass com/android/tools/r8/q/a/a/d/o
instanceKlass com/android/tools/r8/q/a/a/d/p
instanceKlass com/android/tools/r8/ByteDataView
instanceKlass com/android/tools/r8/dex/r$a
instanceKlass java/util/zip/Adler32
instanceKlass com/android/tools/r8/dex/k
instanceKlass com/android/tools/r8/dex/r$$Lambda$1293
instanceKlass com/android/tools/r8/dex/r$$Lambda$1292
instanceKlass com/android/tools/r8/dex/r$$Lambda$1291
instanceKlass com/android/tools/r8/dex/r$$Lambda$1290
instanceKlass com/android/tools/r8/dex/r$$Lambda$1289
instanceKlass com/android/tools/r8/dex/r$$Lambda$1288
instanceKlass com/android/tools/r8/dex/r$$Lambda$1287
instanceKlass com/android/tools/r8/dex/r$$Lambda$1286
instanceKlass com/android/tools/r8/dex/r$$Lambda$1285
instanceKlass com/android/tools/r8/dex/r$$Lambda$1284
instanceKlass com/android/tools/r8/dex/r$$Lambda$1283
instanceKlass com/android/tools/r8/graph/v$$Lambda$1282
instanceKlass com/android/tools/r8/graph/v$$Lambda$1281
instanceKlass com/android/tools/r8/graph/v$$Lambda$1280
instanceKlass com/android/tools/r8/dex/r$$Lambda$1279
instanceKlass com/android/tools/r8/dex/r$$Lambda$1278
instanceKlass com/android/tools/r8/dex/r$$Lambda$1277
instanceKlass com/android/tools/r8/dex/r$$Lambda$1276
instanceKlass com/android/tools/r8/dex/r$$Lambda$1275
instanceKlass com/android/tools/r8/dex/r$$Lambda$1274
instanceKlass com/android/tools/r8/dex/r$$Lambda$1273
instanceKlass com/android/tools/r8/dex/r$$Lambda$1272
instanceKlass com/android/tools/r8/dex/r$$Lambda$1271
instanceKlass com/android/tools/r8/graph/Z0$$Lambda$1270
instanceKlass com/android/tools/r8/graph/Z0$$Lambda$1269
instanceKlass com/android/tools/r8/dex/l
instanceKlass com/android/tools/r8/graph/N$$Lambda$1268
instanceKlass com/android/tools/r8/graph/N$$Lambda$1267
instanceKlass com/android/tools/r8/dex/r$$Lambda$1266
instanceKlass com/android/tools/r8/utils/m0$$Lambda$1265
instanceKlass com/android/tools/r8/utils/m0
instanceKlass com/android/tools/r8/dex/r$$Lambda$1264
instanceKlass com/android/tools/r8/dex/r$$Lambda$1263
instanceKlass com/android/tools/r8/dex/r$$Lambda$1262
instanceKlass com/android/tools/r8/dex/c
instanceKlass com/android/tools/r8/utils/X
instanceKlass com/android/tools/r8/dex/r$$Lambda$1261
instanceKlass com/android/tools/r8/dex/r$$Lambda$1260
instanceKlass com/android/tools/r8/dex/r$$Lambda$1259
instanceKlass com/android/tools/r8/utils/s0
instanceKlass com/android/tools/r8/dex/r$$Lambda$1258
instanceKlass com/android/tools/r8/dex/r$$Lambda$1257
instanceKlass com/android/tools/r8/dex/r$$Lambda$1256
instanceKlass com/android/tools/r8/dex/r$$Lambda$1255
instanceKlass com/android/tools/r8/graph/Z0$$Lambda$1254
instanceKlass com/android/tools/r8/graph/Z0$$Lambda$1253
instanceKlass com/android/tools/r8/dex/r$$Lambda$1252
instanceKlass com/android/tools/r8/dex/r$$Lambda$1251
instanceKlass java/lang/invoke/LambdaForm$DMH
instanceKlass com/android/tools/r8/dex/r$$Lambda$1250
instanceKlass com/android/tools/r8/graph/C$$Lambda$1249
instanceKlass com/android/tools/r8/s/c/g$$Lambda$1248
instanceKlass com/android/tools/r8/naming/u
instanceKlass com/android/tools/r8/s/c/g$$Lambda$1247
instanceKlass com/android/tools/r8/naming/u$d
instanceKlass com/android/tools/r8/dex/r$$Lambda$1246
instanceKlass com/android/tools/r8/dex/s
instanceKlass java/util/IdentityHashMap$1
instanceKlass com/android/tools/r8/graph/C$$Lambda$1241
instanceKlass com/android/tools/r8/graph/v$$Lambda$1245
instanceKlass com/android/tools/r8/graph/f0$$Lambda$1244
instanceKlass com/android/tools/r8/graph/X0$$Lambda$1243
instanceKlass com/android/tools/r8/graph/Y$$Lambda$1242
instanceKlass com/android/tools/r8/t/a/a/a/h/V0$f
instanceKlass com/android/tools/r8/ir/optimize/f0$$Lambda$1240
instanceKlass com/android/tools/r8/graph/f0$$Lambda$1239
instanceKlass com/android/tools/r8/t/a/a/a/h/N$f
instanceKlass com/android/tools/r8/dex/r$$Lambda$1238
instanceKlass com/android/tools/r8/t/a/a/a/h/U
instanceKlass com/android/tools/r8/t/a/a/a/h/P
instanceKlass com/android/tools/r8/dex/j
instanceKlass com/android/tools/r8/dex/m
instanceKlass com/android/tools/r8/graph/l1
instanceKlass com/android/tools/r8/dex/r
instanceKlass com/android/tools/r8/graph/g1$$Lambda$1237
instanceKlass com/android/tools/r8/graph/g1$$Lambda$1236
instanceKlass com/android/tools/r8/graph/g1$$Lambda$1235
instanceKlass com/android/tools/r8/graph/g1$$Lambda$1234
instanceKlass com/android/tools/r8/ir/optimize/g0
instanceKlass com/android/tools/r8/graph/Z$$Lambda$1233
instanceKlass com/android/tools/r8/graph/g1$$Lambda$1232
instanceKlass com/android/tools/r8/graph/g1$$Lambda$1231
instanceKlass com/android/tools/r8/graph/g1$$Lambda$1230
instanceKlass com/android/tools/r8/t/a/a/a/h/a1
instanceKlass com/android/tools/r8/t/a/a/a/h/u1
instanceKlass com/android/tools/r8/graph/g1$$Lambda$1229
instanceKlass com/android/tools/r8/graph/g1$$Lambda$1228
instanceKlass com/android/tools/r8/graph/g1$$Lambda$1227
instanceKlass com/android/tools/r8/graph/g1$a
instanceKlass com/android/tools/r8/graph/g1
instanceKlass com/android/tools/r8/dex/b$$Lambda$1226
instanceKlass com/android/tools/r8/graph/S$$Lambda$1225
instanceKlass com/android/tools/r8/graph/Y$$Lambda$1224
instanceKlass com/android/tools/r8/graph/x$$Lambda$1223
instanceKlass com/android/tools/r8/graph/f0$$Lambda$1222
instanceKlass com/android/tools/r8/dex/b$$Lambda$1221
instanceKlass com/android/tools/r8/graph/Z$$Lambda$1220
instanceKlass com/android/tools/r8/ir/regalloc/f
instanceKlass com/android/tools/r8/ir/regalloc/j$$Lambda$1219
instanceKlass com/android/tools/r8/t/a/a/a/h/Y$d
instanceKlass com/android/tools/r8/t/a/a/a/h/Y$f
instanceKlass com/android/tools/r8/dex/d$$Lambda$1218
instanceKlass com/android/tools/r8/ir/optimize/j0$$Lambda$1216
instanceKlass com/android/tools/r8/dex/d$$Lambda$1217
instanceKlass com/android/tools/r8/t/a/a/a/h/V$a
instanceKlass com/android/tools/r8/t/a/a/a/h/W
instanceKlass com/android/tools/r8/t/a/a/a/h/f
instanceKlass com/android/tools/r8/t/a/a/a/h/V
instanceKlass com/android/tools/r8/dex/d
instanceKlass com/android/tools/r8/t/a/a/a/g/q
instanceKlass com/android/tools/r8/t/a/a/a/h/c1
instanceKlass com/android/tools/r8/t/a/a/a/h/x
instanceKlass com/android/tools/r8/t/a/a/a/h/d1
instanceKlass com/android/tools/r8/graph/f0$$Lambda$1215
instanceKlass com/android/tools/r8/graph/Y$$Lambda$1214
instanceKlass com/android/tools/r8/q/a/a/b/L0
instanceKlass com/android/tools/r8/q/a/a/b/H0
instanceKlass com/android/tools/r8/dex/P$j
instanceKlass com/android/tools/r8/dex/P$i
instanceKlass com/android/tools/r8/dex/P$c$$Lambda$1213
instanceKlass com/android/tools/r8/dex/P$$Lambda$1212
instanceKlass com/android/tools/r8/naming/b
instanceKlass com/android/tools/r8/dex/P$g$$Lambda$1211
instanceKlass com/android/tools/r8/dex/P$g$$Lambda$1210
instanceKlass com/android/tools/r8/dex/P$g$$Lambda$1209
instanceKlass com/android/tools/r8/dex/P$g$$Lambda$1208
instanceKlass com/android/tools/r8/dex/P$g$$Lambda$1207
instanceKlass com/android/tools/r8/dex/P$g$$Lambda$1206
instanceKlass com/android/tools/r8/dex/P$g$$Lambda$1205
instanceKlass com/android/tools/r8/dex/P$g$$Lambda$1204
instanceKlass com/android/tools/r8/dex/P$g$$Lambda$1203
instanceKlass com/android/tools/r8/dex/P$g
instanceKlass com/android/tools/r8/dex/P$k
instanceKlass com/android/tools/r8/dex/v
instanceKlass com/android/tools/r8/dex/P
instanceKlass com/android/tools/r8/q/a/b/k
instanceKlass com/android/tools/r8/q/a/b/l/g/w
instanceKlass com/android/tools/r8/q/a/b/m/c
instanceKlass com/android/tools/r8/dex/B$$Lambda$1202
instanceKlass com/android/tools/r8/dex/B$$Lambda$1201
instanceKlass com/android/tools/r8/dex/i
instanceKlass com/android/tools/r8/dex/E
instanceKlass com/android/tools/r8/dex/P$b
instanceKlass com/android/tools/r8/dex/F
instanceKlass com/android/tools/r8/dex/b
instanceKlass com/android/tools/r8/naming/Z/a
instanceKlass com/android/tools/r8/naming/Z/d
instanceKlass com/android/tools/r8/naming/H
instanceKlass com/android/tools/r8/q/a/b/l/d$c
instanceKlass com/android/tools/r8/q/a/b/l/f
instanceKlass com/android/tools/r8/q/a/b/l/b
instanceKlass com/android/tools/r8/dex/B
instanceKlass com/android/tools/r8/q/a/a/b/f$a$b
instanceKlass com/android/tools/r8/s/c/w
instanceKlass com/android/tools/r8/s/c/g$$Lambda$1200
instanceKlass com/android/tools/r8/s/c/e
instanceKlass com/android/tools/r8/s/c/g$$Lambda$1199
instanceKlass com/android/tools/r8/s/c/c
instanceKlass com/android/tools/r8/s/c/f
instanceKlass com/android/tools/r8/s/c/g
instanceKlass com/android/tools/r8/s/c/u$$Lambda$1198
instanceKlass com/android/tools/r8/s/c/o
instanceKlass com/android/tools/r8/q/a/a/b/r$$Lambda$1197
instanceKlass com/android/tools/r8/q/a/a/b/r$$Lambda$1196
instanceKlass com/android/tools/r8/q/a/a/b/r$$Lambda$1195
instanceKlass com/android/tools/r8/q/a/a/b/r$$Lambda$1194
instanceKlass com/android/tools/r8/q/a/a/b/r$$Lambda$1193
instanceKlass com/android/tools/r8/q/a/a/b/r$$Lambda$1192
instanceKlass com/android/tools/r8/q/a/a/b/r$$Lambda$1191
instanceKlass com/android/tools/r8/q/a/a/b/r$$Lambda$1190
instanceKlass com/android/tools/r8/q/a/a/b/r
instanceKlass com/android/tools/r8/s/c/O$$Lambda$1189
instanceKlass com/android/tools/r8/s/c/F$a
instanceKlass com/android/tools/r8/s/c/F
instanceKlass java/util/IdentityHashMap$IdentityHashMapSpliterator
instanceKlass com/android/tools/r8/utils/x1/e$$Lambda$1188
instanceKlass com/android/tools/r8/references/Reference$$Lambda$1187
instanceKlass com/android/tools/r8/references/ArrayReference
instanceKlass com/android/tools/r8/ir/optimize/d0$$Lambda$1186
instanceKlass com/android/tools/r8/ir/optimize/f0
instanceKlass com/android/tools/r8/graph/C0$d
instanceKlass com/android/tools/r8/q/a/a/b/S0
instanceKlass com/android/tools/r8/ir/conversion/K$$Lambda$1185
instanceKlass com/android/tools/r8/q/a/b/b
instanceKlass com/android/tools/r8/q/a/a/a/b
instanceKlass com/android/tools/r8/ir/conversion/J
instanceKlass com/android/tools/r8/s/b/o$$Lambda$1184
instanceKlass com/android/tools/r8/ir/regalloc/g
instanceKlass com/android/tools/r8/ir/regalloc/j$$Lambda$1183
instanceKlass com/android/tools/r8/ir/regalloc/j$$Lambda$1182
instanceKlass com/android/tools/r8/ir/regalloc/j$$Lambda$1181
instanceKlass com/android/tools/r8/ir/regalloc/j$$Lambda$1180
instanceKlass com/android/tools/r8/ir/regalloc/i
instanceKlass com/android/tools/r8/utils/D0
instanceKlass com/android/tools/r8/s/b/o$$Lambda$1179
instanceKlass java/lang/invoke/LambdaForm$DMH
instanceKlass java/util/AbstractList$1
instanceKlass com/android/tools/r8/ir/optimize/d0
instanceKlass com/android/tools/r8/ir/optimize/e0
instanceKlass com/android/tools/r8/q/a/a/b/m
instanceKlass com/android/tools/r8/q/a/a/b/Q0
instanceKlass com/android/tools/r8/ir/conversion/N$e
instanceKlass com/android/tools/r8/ir/conversion/N$$Lambda$1178
instanceKlass com/android/tools/r8/ir/optimize/l$$Lambda$1177
instanceKlass com/android/tools/r8/ir/optimize/l$$Lambda$1176
instanceKlass com/android/tools/r8/ir/optimize/l$f
instanceKlass com/android/tools/r8/s/a/i/a$$Lambda$1175
instanceKlass com/android/tools/r8/s/a/i/a$$Lambda$1174
instanceKlass com/android/tools/r8/s/a/i/a$$Lambda$1173
instanceKlass com/android/tools/r8/s/a/i/a$$Lambda$1172
instanceKlass com/android/tools/r8/q/a/a/a/S
instanceKlass com/android/tools/r8/s/a/i/a$$Lambda$1171
instanceKlass com/android/tools/r8/q/a/a/a/L
instanceKlass com/android/tools/r8/s/a/i/a$$Lambda$1170
instanceKlass com/android/tools/r8/s/a/i/a
instanceKlass com/android/tools/r8/s/a/p/t$$Lambda$1169
instanceKlass com/android/tools/r8/s/a/p/t$$Lambda$1168
instanceKlass com/android/tools/r8/s/b/J
instanceKlass com/android/tools/r8/s/b/q1$$Lambda$1167
instanceKlass com/android/tools/r8/s/b/q1$$Lambda$1166
instanceKlass com/android/tools/r8/ir/optimize/a0$$Lambda$1165
instanceKlass com/android/tools/r8/graph/Z$$Lambda$1164
instanceKlass com/android/tools/r8/s/a/p/a$$Lambda$1163
instanceKlass com/android/tools/r8/graph/Z$$Lambda$1162
instanceKlass com/android/tools/r8/ir/optimize/a0$$Lambda$1161
instanceKlass com/android/tools/r8/ir/optimize/l$$Lambda$1160
instanceKlass com/android/tools/r8/ir/conversion/t0
instanceKlass com/android/tools/r8/s/a/p/f$$Lambda$1159
instanceKlass com/android/tools/r8/t/a/a/a/f/G
instanceKlass com/android/tools/r8/s/b/p$$Lambda$1158
instanceKlass com/android/tools/r8/s/b/o$$Lambda$1157
instanceKlass com/android/tools/r8/graph/p1$b$$Lambda$1156
instanceKlass com/android/tools/r8/graph/p1$a
instanceKlass com/android/tools/r8/graph/p1$b
instanceKlass com/android/tools/r8/ir/conversion/B
instanceKlass com/android/tools/r8/ir/regalloc/a$$Lambda$1154
instanceKlass com/android/tools/r8/ir/regalloc/a$$Lambda$1152
instanceKlass com/android/tools/r8/ir/regalloc/a$$Lambda$1150
instanceKlass com/android/tools/r8/ir/regalloc/a$$Lambda$1148
instanceKlass com/android/tools/r8/ir/regalloc/a$$Lambda$1147
instanceKlass java/lang/invoke/LambdaForm$DMH
instanceKlass com/android/tools/r8/ir/regalloc/a$$Lambda$1146
instanceKlass com/android/tools/r8/ir/regalloc/h
instanceKlass com/android/tools/r8/ir/optimize/l$$Lambda$1144
instanceKlass com/android/tools/r8/ir/optimize/l$$Lambda$1142
instanceKlass com/android/tools/r8/ir/optimize/n$$Lambda$1140
instanceKlass com/android/tools/r8/t/a/a/a/h/a0$d
instanceKlass com/android/tools/r8/ir/optimize/l$$Lambda$1139
instanceKlass com/android/tools/r8/t/a/a/a/h/a0$f
instanceKlass java/util/stream/SliceOps
instanceKlass com/android/tools/r8/ir/optimize/n$$Lambda$1138
instanceKlass com/android/tools/r8/ir/optimize/n$$Lambda$1137
instanceKlass com/android/tools/r8/t/a/a/a/h/b0
instanceKlass com/android/tools/r8/ir/optimize/n$$Lambda$1136
instanceKlass com/android/tools/r8/s/a/p/a$$Lambda$1134
instanceKlass com/android/tools/r8/s/b/b1
instanceKlass com/android/tools/r8/s/b/u1
instanceKlass com/android/tools/r8/ir/optimize/y
instanceKlass com/android/tools/r8/ir/optimize/y$b
instanceKlass com/android/tools/r8/graph/L
instanceKlass com/android/tools/r8/graph/Z$$Lambda$1133
instanceKlass java/lang/invoke/LambdaForm$DMH
instanceKlass com/android/tools/r8/t/a/a/a/f/V
instanceKlass com/android/tools/r8/graph/K
instanceKlass com/android/tools/r8/ir/conversion/F
instanceKlass com/android/tools/r8/ir/conversion/K
instanceKlass com/android/tools/r8/ir/optimize/K$$Lambda$1130
instanceKlass java/lang/invoke/LambdaForm$DMH
instanceKlass com/android/tools/r8/ir/optimize/K
instanceKlass com/android/tools/r8/s/b/k0$$Lambda$1129
instanceKlass com/android/tools/r8/ir/optimize/a0
instanceKlass com/android/tools/r8/ir/regalloc/a$$Lambda$1128
instanceKlass com/android/tools/r8/ir/regalloc/a$$Lambda$1127
instanceKlass com/android/tools/r8/s/c/g0/e$$Lambda$1126
instanceKlass com/android/tools/r8/ir/regalloc/a$$Lambda$1125
instanceKlass com/android/tools/r8/s/b/k0$$Lambda$1124
instanceKlass com/android/tools/r8/ir/regalloc/a$b
instanceKlass com/android/tools/r8/s/b/o$$Lambda$1122
instanceKlass com/android/tools/r8/ir/regalloc/a$$Lambda$1121
instanceKlass com/android/tools/r8/ir/regalloc/a$$Lambda$1120
instanceKlass com/android/tools/r8/ir/regalloc/j
instanceKlass com/android/tools/r8/s/b/q1$$Lambda$1118
instanceKlass com/android/tools/r8/ir/regalloc/c
instanceKlass com/android/tools/r8/s/b/X$b
instanceKlass com/android/tools/r8/ir/regalloc/d
instanceKlass com/android/tools/r8/ir/regalloc/b
instanceKlass com/android/tools/r8/s/b/p
instanceKlass com/android/tools/r8/ir/regalloc/a
instanceKlass com/android/tools/r8/ir/conversion/O$$Lambda$1116
instanceKlass com/android/tools/r8/ir/conversion/O$$Lambda$1113
instanceKlass com/android/tools/r8/ir/optimize/w
instanceKlass com/android/tools/r8/ir/optimize/l$$Lambda$1112
instanceKlass com/android/tools/r8/q/a/a/a/W
instanceKlass com/android/tools/r8/q/a/a/a/X
instanceKlass com/android/tools/r8/ir/optimize/l$$Lambda$1111
instanceKlass com/android/tools/r8/s/b/O
instanceKlass com/android/tools/r8/s/b/o$b
instanceKlass com/android/tools/r8/ir/optimize/m
instanceKlass com/android/tools/r8/t/a/a/a/h/d0
instanceKlass com/android/tools/r8/t/a/a/a/h/g
instanceKlass com/android/tools/r8/t/a/a/a/h/c0
instanceKlass com/android/tools/r8/ir/optimize/r$a
instanceKlass com/android/tools/r8/ir/optimize/j$a
instanceKlass com/android/tools/r8/ir/optimize/h0
instanceKlass com/android/tools/r8/ir/optimize/j0
instanceKlass com/android/tools/r8/ir/optimize/x0/a
instanceKlass com/android/tools/r8/s/a/h/e$$Lambda$1106
instanceKlass com/android/tools/r8/s/a/h/e$$Lambda$1103
instanceKlass com/android/tools/r8/s/a/h/e$$Lambda$1100
instanceKlass java/util/stream/ReduceOps$2ReducingSink
instanceKlass java/util/function/BinaryOperator$$Lambda$1099
instanceKlass com/android/tools/r8/s/b/X$$Lambda$1095
instanceKlass java/util/LinkedList$LLSpliterator
instanceKlass com/android/tools/r8/s/a/h/e
instanceKlass com/android/tools/r8/ir/optimize/d
instanceKlass com/android/tools/r8/ir/conversion/O$$Lambda$1091
instanceKlass com/android/tools/r8/s/a/n/f
instanceKlass com/android/tools/r8/ir/conversion/O$$Lambda$1088
instanceKlass com/android/tools/r8/s/a/n/b
instanceKlass com/android/tools/r8/s/b/Z
instanceKlass com/android/tools/r8/s/a/p/t$$Lambda$1085
instanceKlass com/android/tools/r8/s/b/X$a
instanceKlass com/android/tools/r8/s/a/p/t
instanceKlass com/android/tools/r8/s/b/r
instanceKlass com/android/tools/r8/s/b/Y
instanceKlass com/android/tools/r8/s/b/X$$Lambda$1082
instanceKlass com/android/tools/r8/s/b/X
instanceKlass com/android/tools/r8/s/b/q
instanceKlass com/android/tools/r8/t/a/a/a/h/m
instanceKlass com/android/tools/r8/t/a/a/a/h/C0
instanceKlass com/android/tools/r8/t/a/a/a/h/K0
instanceKlass com/android/tools/r8/ir/conversion/o$$Lambda$1079
instanceKlass java/lang/invoke/LambdaForm$DMH
instanceKlass com/android/tools/r8/code/u1
instanceKlass com/android/tools/r8/t/a/a/a/f/h
instanceKlass com/android/tools/r8/t/a/a/a/f/X$d
instanceKlass com/android/tools/r8/t/a/a/a/f/X$f
instanceKlass com/android/tools/r8/ir/conversion/N$f
instanceKlass com/android/tools/r8/s/a/l/f
instanceKlass com/android/tools/r8/s/a/h/d
instanceKlass com/android/tools/r8/s/b/q1$a
instanceKlass com/android/tools/r8/s/b/b
instanceKlass com/android/tools/r8/s/a/p/f$$Lambda$1077
instanceKlass com/android/tools/r8/s/a/p/m
instanceKlass com/android/tools/r8/graph/Z$$Lambda$1075
instanceKlass com/android/tools/r8/s/a/p/l
instanceKlass com/android/tools/r8/ir/conversion/o$$Lambda$1071
instanceKlass java/lang/invoke/LambdaForm$DMH
instanceKlass com/android/tools/r8/ir/conversion/t$a
instanceKlass com/android/tools/r8/t/a/a/a/f/i0
instanceKlass com/android/tools/r8/ir/conversion/m
instanceKlass com/android/tools/r8/t/a/a/a/f/A0
instanceKlass com/android/tools/r8/t/a/a/a/f/o0
instanceKlass com/android/tools/r8/ir/conversion/n
instanceKlass com/android/tools/r8/t/a/a/a/f/n0
instanceKlass com/android/tools/r8/s/b/u
instanceKlass com/android/tools/r8/s/b/o
instanceKlass com/android/tools/r8/ir/conversion/N$b
instanceKlass com/android/tools/r8/s/b/b0
instanceKlass com/android/tools/r8/t/a/a/a/f/K$e
instanceKlass com/android/tools/r8/s/b/r1
instanceKlass com/android/tools/r8/t/a/a/a/f/d0$e
instanceKlass com/android/tools/r8/t/a/a/a/f/K0
instanceKlass com/android/tools/r8/t/a/a/a/f/d
instanceKlass com/android/tools/r8/t/a/a/a/f/S$a
instanceKlass com/android/tools/r8/t/a/a/a/f/u0
instanceKlass com/android/tools/r8/graph/p1$c
instanceKlass com/android/tools/r8/graph/p1
instanceKlass com/android/tools/r8/t/a/a/a/f/N0
instanceKlass com/android/tools/r8/t/a/a/a/d
instanceKlass com/android/tools/r8/s/b/g0
instanceKlass com/android/tools/r8/ir/conversion/N
instanceKlass com/android/tools/r8/s/b/t
instanceKlass com/android/tools/r8/ir/conversion/w
instanceKlass com/android/tools/r8/ir/conversion/t
instanceKlass com/android/tools/r8/t/a/a/a/h/X0
instanceKlass com/android/tools/r8/t/a/a/a/h/r1
instanceKlass com/android/tools/r8/ir/conversion/x
instanceKlass com/android/tools/r8/ir/conversion/o
instanceKlass com/android/tools/r8/ir/conversion/O$$Lambda$1068
instanceKlass com/android/tools/r8/ir/conversion/T
instanceKlass com/android/tools/r8/references/Reference$$Lambda$1067
instanceKlass com/android/tools/r8/references/MethodReference
instanceKlass com/android/tools/r8/q/a/a/b/W0
instanceKlass com/android/tools/r8/q/a/a/b/t1
instanceKlass com/android/tools/r8/references/Reference$$Lambda$1063
instanceKlass com/android/tools/r8/references/ClassReference
instanceKlass com/android/tools/r8/q/a/a/b/a1
instanceKlass com/android/tools/r8/q/a/a/b/k1
instanceKlass com/android/tools/r8/q/a/a/b/V0
instanceKlass com/android/tools/r8/q/a/a/b/b1
instanceKlass com/android/tools/r8/q/a/a/b/u1
instanceKlass com/android/tools/r8/q/a/a/b/U0
instanceKlass com/android/tools/r8/references/PrimitiveReference
instanceKlass com/android/tools/r8/references/Reference
instanceKlass com/android/tools/r8/position/MethodPosition
instanceKlass com/android/tools/r8/ir/conversion/h
instanceKlass com/android/tools/r8/ir/conversion/W
instanceKlass com/android/tools/r8/graph/f0$$Lambda$1060
instanceKlass com/android/tools/r8/ir/conversion/O$$Lambda$1058
instanceKlass java/lang/invoke/LambdaForm$DMH
instanceKlass com/android/tools/r8/ir/conversion/O$$Lambda$1054
instanceKlass com/android/tools/r8/graph/C$$Lambda$1051
instanceKlass com/android/tools/r8/graph/C$$Lambda$1050
instanceKlass com/android/tools/r8/ir/conversion/O$$Lambda$1049
instanceKlass com/android/tools/r8/graph/X0$$Lambda$1045
instanceKlass com/android/tools/r8/ir/conversion/O$$Lambda$1043
instanceKlass com/android/tools/r8/ir/conversion/O$$Lambda$1038
instanceKlass com/android/tools/r8/graph/W0$$Lambda$1036
instanceKlass com/android/tools/r8/graph/W0$$Lambda$1034
instanceKlass com/android/tools/r8/s/c/Q$$Lambda$1031
instanceKlass com/android/tools/r8/graph/t1
instanceKlass com/android/tools/r8/s/c/Q
instanceKlass com/android/tools/r8/s/c/h
instanceKlass com/android/tools/r8/s/c/b$e$$Lambda$1029
instanceKlass com/android/tools/r8/s/c/b$e$$Lambda$1027
instanceKlass com/android/tools/r8/s/c/b$e$$Lambda$1025
instanceKlass com/android/tools/r8/s/c/b$e$$Lambda$1023
instanceKlass com/android/tools/r8/s/c/b$e$$Lambda$1021
instanceKlass com/android/tools/r8/s/c/b$e$$Lambda$1019
instanceKlass com/android/tools/r8/s/c/b$e$$Lambda$1017
instanceKlass com/android/tools/r8/s/c/b$e$$Lambda$1015
instanceKlass com/android/tools/r8/s/c/b$e$$Lambda$1013
instanceKlass com/android/tools/r8/s/c/b$e$$Lambda$1011
instanceKlass com/android/tools/r8/s/c/b$e$$Lambda$1009
instanceKlass com/android/tools/r8/s/c/b$e$$Lambda$1007
instanceKlass com/android/tools/r8/s/c/b$e$$Lambda$1005
instanceKlass com/android/tools/r8/s/c/b$e$$Lambda$1003
instanceKlass com/android/tools/r8/s/c/b$e$$Lambda$1001
instanceKlass com/android/tools/r8/s/c/b$e$$Lambda$999
instanceKlass com/android/tools/r8/s/c/b$e$$Lambda$997
instanceKlass com/android/tools/r8/s/c/b$e$$Lambda$995
instanceKlass com/android/tools/r8/s/c/b$e$$Lambda$994
instanceKlass com/android/tools/r8/s/c/b$e$$Lambda$991
instanceKlass com/android/tools/r8/s/c/b$e$$Lambda$989
instanceKlass com/android/tools/r8/s/c/b$e$$Lambda$986
instanceKlass com/android/tools/r8/s/c/b$e$$Lambda$982
instanceKlass com/android/tools/r8/s/c/b$e$$Lambda$980
instanceKlass com/android/tools/r8/s/c/b$e$$Lambda$978
instanceKlass com/android/tools/r8/s/c/b$e$$Lambda$976
instanceKlass com/android/tools/r8/s/c/b$e$$Lambda$972
instanceKlass com/android/tools/r8/s/c/g0/d
instanceKlass com/android/tools/r8/s/c/b$e$$Lambda$968
instanceKlass com/android/tools/r8/s/c/b$e$$Lambda$966
instanceKlass com/android/tools/r8/s/c/b$e$$Lambda$964
instanceKlass com/android/tools/r8/s/c/b$e$$Lambda$962
instanceKlass com/android/tools/r8/s/c/b$e$$Lambda$961
instanceKlass com/android/tools/r8/s/c/b$e$$Lambda$960
instanceKlass com/android/tools/r8/s/c/b$e$$Lambda$959
instanceKlass com/android/tools/r8/s/c/b$e$$Lambda$957
instanceKlass com/android/tools/r8/s/c/b$e$$Lambda$956
instanceKlass com/android/tools/r8/s/c/b$e$$Lambda$954
instanceKlass com/android/tools/r8/s/c/b$e$$Lambda$952
instanceKlass com/android/tools/r8/s/c/b$e$$Lambda$949
instanceKlass com/android/tools/r8/s/c/b$e$$Lambda$947
instanceKlass com/android/tools/r8/s/c/b$e$$Lambda$946
instanceKlass com/android/tools/r8/s/c/b$e$$Lambda$944
instanceKlass com/android/tools/r8/s/c/b$e$$Lambda$943
instanceKlass com/android/tools/r8/s/c/b$e$$Lambda$942
instanceKlass com/android/tools/r8/s/c/b$e$$Lambda$941
instanceKlass com/android/tools/r8/s/c/b$e$$Lambda$939
instanceKlass com/android/tools/r8/s/c/b$e$$Lambda$937
instanceKlass com/android/tools/r8/s/c/b$e$$Lambda$935
instanceKlass com/android/tools/r8/s/c/b$e$$Lambda$934
instanceKlass com/android/tools/r8/s/c/b$e$$Lambda$931
instanceKlass com/android/tools/r8/s/c/b$e$$Lambda$930
instanceKlass com/android/tools/r8/s/c/b$e$$Lambda$929
instanceKlass com/android/tools/r8/s/c/b$e$$Lambda$928
instanceKlass com/android/tools/r8/s/c/b$e$$Lambda$925
instanceKlass com/android/tools/r8/s/c/b$e$$Lambda$924
instanceKlass com/android/tools/r8/s/c/b$e$$Lambda$922
instanceKlass com/android/tools/r8/s/c/b$e$$Lambda$921
instanceKlass com/android/tools/r8/s/c/b$e$$Lambda$919
instanceKlass com/android/tools/r8/s/c/b$e$$Lambda$917
instanceKlass com/android/tools/r8/s/c/b$e$$Lambda$915
instanceKlass com/android/tools/r8/s/c/b$e$$Lambda$913
instanceKlass com/android/tools/r8/s/c/b$e$$Lambda$911
instanceKlass com/android/tools/r8/s/c/b$e$$Lambda$908
instanceKlass com/android/tools/r8/s/c/b$e$$Lambda$906
instanceKlass com/android/tools/r8/s/c/b$e$$Lambda$905
instanceKlass com/android/tools/r8/s/c/b$e$$Lambda$901
instanceKlass com/android/tools/r8/s/c/b$e$$Lambda$899
instanceKlass com/android/tools/r8/s/c/b$e$$Lambda$897
instanceKlass com/android/tools/r8/s/c/b$e$$Lambda$894
instanceKlass com/android/tools/r8/s/c/b$e$$Lambda$893
instanceKlass com/android/tools/r8/s/c/b$e$$Lambda$891
instanceKlass com/android/tools/r8/s/c/b$e$$Lambda$889
instanceKlass com/android/tools/r8/s/c/b$e$$Lambda$887
instanceKlass com/android/tools/r8/s/c/b$e$$Lambda$884
instanceKlass com/android/tools/r8/s/c/b$e$$Lambda$882
instanceKlass com/android/tools/r8/s/c/b$e$$Lambda$880
instanceKlass com/android/tools/r8/s/c/b$e$$Lambda$878
instanceKlass com/android/tools/r8/s/c/b$e$$Lambda$876
instanceKlass com/android/tools/r8/s/c/b$e$$Lambda$872
instanceKlass com/android/tools/r8/s/c/b$e$$Lambda$869
instanceKlass com/android/tools/r8/s/c/b$e$$Lambda$868
instanceKlass com/android/tools/r8/s/c/b$e$$Lambda$865
instanceKlass com/android/tools/r8/s/c/g0/b
instanceKlass com/android/tools/r8/s/c/b$e$$Lambda$860
instanceKlass com/android/tools/r8/s/c/b$e$$Lambda$857
instanceKlass com/android/tools/r8/s/c/b$e$$Lambda$854
instanceKlass com/android/tools/r8/s/c/b$e$$Lambda$851
instanceKlass com/android/tools/r8/s/c/b$e$$Lambda$848
instanceKlass com/android/tools/r8/s/c/b$e$$Lambda$846
instanceKlass com/android/tools/r8/v/b/a/c0/q0/c
instanceKlass com/android/tools/r8/v/b/a/x
instanceKlass com/android/tools/r8/s/c/g0/e
instanceKlass com/android/tools/r8/s/c/b$e$$Lambda$842
instanceKlass com/android/tools/r8/s/c/b$e$$Lambda$841
instanceKlass com/android/tools/r8/s/c/b$e$$Lambda$838
instanceKlass com/android/tools/r8/s/c/b$e$$Lambda$835
instanceKlass com/android/tools/r8/s/c/b$e$$Lambda$832
instanceKlass com/android/tools/r8/s/c/b$g
instanceKlass java/lang/invoke/LambdaForm$DMH
instanceKlass com/android/tools/r8/s/c/g0/a
instanceKlass com/android/tools/r8/s/c/b$e$$Lambda$830
instanceKlass com/android/tools/r8/s/c/b$e$$Lambda$828
instanceKlass com/android/tools/r8/s/c/b$e$$Lambda$826
instanceKlass com/android/tools/r8/s/c/b$e$$Lambda$824
instanceKlass com/android/tools/r8/s/c/b$e$$Lambda$822
instanceKlass com/android/tools/r8/s/c/b$e$$Lambda$820
instanceKlass com/android/tools/r8/s/c/b$c
instanceKlass java/lang/invoke/LambdaForm$DMH
instanceKlass com/android/tools/r8/s/c/g0/g
instanceKlass com/android/tools/r8/s/c/b$d
instanceKlass com/android/tools/r8/s/c/b$e
instanceKlass com/android/tools/r8/s/c/b
instanceKlass com/android/tools/r8/utils/x1/f$$Lambda$818
instanceKlass com/android/tools/r8/utils/x1/f$$Lambda$817
instanceKlass com/android/tools/r8/utils/Y$$Lambda$814
instanceKlass com/android/tools/r8/graph/C0$b
instanceKlass com/android/tools/r8/s/c/u
instanceKlass com/android/tools/r8/s/c/O
instanceKlass com/android/tools/r8/ir/conversion/O$$Lambda$813
instanceKlass com/android/tools/r8/ir/conversion/O$$Lambda$811
instanceKlass com/android/tools/r8/ir/optimize/x
instanceKlass com/android/tools/r8/ir/optimize/c$$Lambda$810
instanceKlass com/android/tools/r8/ir/optimize/b
instanceKlass com/android/tools/r8/ir/optimize/r
instanceKlass com/android/tools/r8/ir/optimize/string/b$c
instanceKlass com/android/tools/r8/ir/optimize/string/a
instanceKlass com/android/tools/r8/ir/optimize/string/b
instanceKlass com/android/tools/r8/s/a/j/b
instanceKlass com/android/tools/r8/ir/optimize/string/d
instanceKlass com/android/tools/r8/s/c/d0
instanceKlass com/android/tools/r8/naming/Y/d
instanceKlass com/android/tools/r8/ir/optimize/j
instanceKlass com/android/tools/r8/x/a
instanceKlass com/android/tools/r8/t/a/a/a/b
instanceKlass com/android/tools/r8/ir/optimize/n
instanceKlass com/android/tools/r8/t/a/a/a/g/k
instanceKlass com/android/tools/r8/t/a/a/a/h/v
instanceKlass com/android/tools/r8/t/a/a/a/h/W0
instanceKlass com/android/tools/r8/t/a/a/a/h/T0
instanceKlass com/android/tools/r8/s/b/d0
instanceKlass com/android/tools/r8/ir/optimize/l$e
instanceKlass com/android/tools/r8/t/a/a/a/f/z0
instanceKlass com/android/tools/r8/t/a/a/a/f/v
instanceKlass com/android/tools/r8/t/a/a/a/f/s
instanceKlass com/android/tools/r8/s/b/q1
instanceKlass com/android/tools/r8/ir/optimize/l
instanceKlass com/android/tools/r8/shaking/AppInfoWithLivenessModifier
instanceKlass com/android/tools/r8/graph/u0
instanceKlass com/android/tools/r8/graph/c1
instanceKlass com/android/tools/r8/graph/D
instanceKlass com/android/tools/r8/graph/o1
instanceKlass com/android/tools/r8/shaking/MainDexClasses
instanceKlass com/android/tools/r8/ir/regalloc/e
instanceKlass com/android/tools/r8/ir/optimize/C
instanceKlass com/android/tools/r8/ir/conversion/a0
instanceKlass com/android/tools/r8/ir/conversion/V
instanceKlass com/android/tools/r8/ir/conversion/O
instanceKlass com/android/tools/r8/s/a/l/a
instanceKlass com/android/tools/r8/ir/optimize/info/v/e
instanceKlass com/android/tools/r8/utils/y
instanceKlass com/android/tools/r8/ir/optimize/info/t
instanceKlass com/android/tools/r8/s/a/q/g
instanceKlass com/android/tools/r8/ir/optimize/B0/e
instanceKlass com/android/tools/r8/graph/I0$a$$Lambda$808
instanceKlass com/android/tools/r8/graph/I0$a$$Lambda$807
instanceKlass com/android/tools/r8/q/a/a/a/r
instanceKlass com/android/tools/r8/graph/c$$Lambda$806
instanceKlass com/android/tools/r8/graph/I0$b$$Lambda$805
instanceKlass com/android/tools/r8/q/a/a/d/g
instanceKlass com/android/builder/dexing/r8/CachingArchiveClassFileProvider$$Lambda$804
instanceKlass com/android/tools/r8/utils/I$$Lambda$803
instanceKlass com/android/tools/r8/utils/I
instanceKlass com/android/tools/r8/utils/J$$Lambda$801
instanceKlass com/android/tools/r8/graph/c$$Lambda$799
instanceKlass com/android/tools/r8/ir/optimize/B0/c$$Lambda$797
instanceKlass com/android/tools/r8/ir/optimize/B0/f
instanceKlass com/android/tools/r8/ir/optimize/B0/j
instanceKlass com/android/tools/r8/ir/optimize/B0/i
instanceKlass com/android/tools/r8/ir/optimize/B0/h
instanceKlass com/android/tools/r8/ir/optimize/B0/a
instanceKlass com/android/tools/r8/s/b/m0
instanceKlass com/android/tools/r8/s/b/l0
instanceKlass com/android/tools/r8/s/b/P0
instanceKlass com/android/tools/r8/ir/optimize/B0/d
instanceKlass com/android/tools/r8/ir/optimize/B0/c
instanceKlass com/android/tools/r8/ir/conversion/z
instanceKlass com/android/tools/r8/utils/x1/e
instanceKlass com/android/tools/r8/ir/conversion/T$b
instanceKlass com/android/tools/r8/t/a/a/a/h/H
instanceKlass com/android/tools/r8/graph/C0
instanceKlass com/android/tools/r8/graph/r0
instanceKlass com/android/tools/r8/ir/optimize/info/v/f
instanceKlass com/android/tools/r8/s/a/q/b
instanceKlass com/android/tools/r8/graph/G0
instanceKlass com/android/tools/r8/graph/v1/b
instanceKlass com/android/tools/r8/graph/f
instanceKlass com/android/tools/r8/shaking/LibraryModeledPredicate
instanceKlass com/android/tools/r8/p/n/W
instanceKlass com/android/tools/r8/graph/l$a
instanceKlass com/android/tools/r8/graph/O0$$Lambda$796
instanceKlass com/android/tools/r8/graph/s
instanceKlass com/android/tools/r8/s/b/W0
instanceKlass com/android/tools/r8/graph/O0$$Lambda$795
instanceKlass com/android/tools/r8/t/a/a/a/f/g0
instanceKlass com/android/tools/r8/graph/M0
instanceKlass com/android/tools/r8/z/a/a/y
instanceKlass com/android/tools/r8/utils/n0
instanceKlass com/android/tools/r8/utils/o0
instanceKlass com/android/tools/r8/graph/Z0$$Lambda$794
instanceKlass com/android/tools/r8/graph/L0
instanceKlass com/android/tools/r8/graph/Z0$$Lambda$793
instanceKlass com/android/tools/r8/utils/a1$$Lambda$791
instanceKlass com/android/tools/r8/utils/a1$$Lambda$789
instanceKlass com/android/tools/r8/utils/h0
instanceKlass com/android/tools/r8/utils/a1$$Lambda$787
instanceKlass com/android/tools/r8/utils/k1
instanceKlass com/android/tools/r8/utils/a1$$Lambda$786
instanceKlass com/android/tools/r8/utils/e0
instanceKlass com/android/tools/r8/utils/a1$$Lambda$783
instanceKlass com/android/tools/r8/utils/j1
instanceKlass java/lang/invoke/LambdaForm$DMH
instanceKlass com/android/tools/r8/D8$$Lambda$781
instanceKlass com/android/tools/r8/utils/e1
instanceKlass com/android/tools/r8/graph/Q0$$Lambda$779
instanceKlass com/android/tools/r8/graph/y$b
instanceKlass com/android/tools/r8/p/n/A
instanceKlass com/android/tools/r8/graph/u1/c
instanceKlass com/android/tools/r8/ir/optimize/c
instanceKlass com/android/tools/r8/utils/w
instanceKlass com/android/tools/r8/graph/x0
instanceKlass com/android/tools/r8/graph/c
instanceKlass com/android/tools/r8/utils/R0$$Lambda$778
instanceKlass com/android/tools/r8/q/a/a/b/I1
instanceKlass com/android/tools/r8/utils/O
instanceKlass java/util/concurrent/ConcurrentLinkedQueue$Itr
instanceKlass com/android/tools/r8/utils/a1
instanceKlass com/android/tools/r8/t/a/a/a/h/f0$d
instanceKlass com/android/tools/r8/t/a/a/a/h/g0
instanceKlass com/android/tools/r8/graph/Z0$$Lambda$777
instanceKlass com/android/tools/r8/t/a/a/a/h/f0$f
instanceKlass com/android/tools/r8/t/a/a/a/h/E0
instanceKlass com/android/tools/r8/t/a/a/a/h/w0
instanceKlass com/android/tools/r8/t/a/a/a/h/z0
instanceKlass com/android/tools/r8/graph/Y0$$Lambda$776
instanceKlass com/android/tools/r8/graph/Z0$$Lambda$775
instanceKlass com/android/tools/r8/t/a/a/a/h/p0
instanceKlass com/android/tools/r8/t/a/a/a/h/I0
instanceKlass com/android/tools/r8/t/a/a/a/h/j
instanceKlass com/android/tools/r8/t/a/a/a/h/q0
instanceKlass com/android/tools/r8/t/a/a/a/h/h0
instanceKlass java/lang/invoke/LambdaForm$MH
instanceKlass java/lang/invoke/LambdaForm$DMH
instanceKlass com/android/tools/r8/graph/I0$$Lambda$774
instanceKlass java/lang/invoke/LambdaForm$DMH
instanceKlass com/android/tools/r8/graph/f0$$Lambda$771
instanceKlass com/android/tools/r8/graph/Y0
instanceKlass com/android/tools/r8/graph/X0
instanceKlass java/lang/invoke/LambdaForm$MH
instanceKlass java/lang/invoke/LambdaForm$DMH
instanceKlass java/lang/invoke/LambdaForm$DMH
instanceKlass com/android/tools/r8/graph/I0$b$$Lambda$769
instanceKlass java/lang/invoke/LambdaForm$DMH
instanceKlass com/android/tools/r8/ir/optimize/info/w/b
instanceKlass com/android/tools/r8/ir/optimize/info/f
instanceKlass com/android/tools/r8/ir/conversion/c0
instanceKlass com/android/tools/r8/graph/Q
instanceKlass com/android/tools/r8/ir/optimize/info/i
instanceKlass com/android/tools/r8/ir/optimize/info/c
instanceKlass com/android/tools/r8/w/h0$a
instanceKlass com/android/tools/r8/w/j0
instanceKlass com/android/tools/r8/shaking/ProguardClassSpecification
instanceKlass com/android/tools/r8/w/h0
instanceKlass com/android/tools/r8/w/O
instanceKlass com/android/tools/r8/ir/optimize/info/g
instanceKlass com/android/tools/r8/ir/optimize/info/v/c
instanceKlass com/android/tools/r8/s/a/q/a
instanceKlass com/android/tools/r8/q/a/a/a/v$a
instanceKlass com/android/tools/r8/q/a/a/a/v
instanceKlass com/android/tools/r8/graph/F0
instanceKlass com/android/tools/r8/graph/H0$$Lambda$766
instanceKlass com/android/tools/r8/graph/H0$$Lambda$764
instanceKlass com/android/tools/r8/z/a/a/B
instanceKlass com/android/tools/r8/z/a/a/k
instanceKlass com/android/tools/r8/graph/I0$e
instanceKlass com/android/tools/r8/z/a/a/u
instanceKlass com/android/tools/r8/z/a/a/n
instanceKlass com/android/tools/r8/z/a/a/j
instanceKlass com/android/tools/r8/z/a/a/s
instanceKlass com/android/tools/r8/z/a/a/d
instanceKlass com/android/tools/r8/z/a/a/f
instanceKlass com/android/tools/r8/utils/Y$$Lambda$761
instanceKlass com/android/tools/r8/position/Position$a
instanceKlass com/android/tools/r8/position/Position
instanceKlass com/android/tools/r8/graph/I0$$Lambda$756
instanceKlass com/google/common/util/concurrent/InterruptibleTask$DoNothingRunnable
instanceKlass com/android/tools/r8/dex/a$a$$Lambda$754
instanceKlass com/android/tools/r8/graph/p$$Lambda$751
instanceKlass com/android/tools/r8/dex/a$a$$Lambda$748
instanceKlass com/android/tools/r8/z/a/a/a
instanceKlass com/android/tools/r8/graph/I0
instanceKlass com/android/tools/r8/graph/p$$Lambda$746
instanceKlass com/android/tools/r8/graph/p$$Lambda$745
instanceKlass com/android/tools/r8/graph/p$$Lambda$744
instanceKlass com/android/tools/r8/graph/p$$Lambda$743
instanceKlass java/lang/invoke/LambdaForm$DMH
instanceKlass java/lang/invoke/LambdaForm$DMH
instanceKlass com/android/tools/r8/graph/p$$Lambda$742
instanceKlass com/android/tools/r8/graph/p$$Lambda$741
instanceKlass com/android/tools/r8/graph/p$a
instanceKlass java/lang/invoke/LambdaForm$DMH
instanceKlass com/android/tools/r8/w/y
instanceKlass com/android/tools/r8/shaking/EnqueuerMetadataTraceable
instanceKlass com/android/tools/r8/graph/f0$b
instanceKlass com/android/tools/r8/graph/n0
instanceKlass com/android/tools/r8/graph/a1
instanceKlass com/android/tools/r8/graph/H0
instanceKlass com/android/tools/r8/dex/a$a
instanceKlass com/android/tools/r8/utils/R0$$Lambda$739
instanceKlass com/android/tools/r8/dex/a$b
instanceKlass com/android/tools/r8/graph/b
instanceKlass com/android/tools/r8/utils/J
instanceKlass com/android/tools/r8/graph/y$a
instanceKlass com/android/tools/r8/dex/a
instanceKlass com/android/tools/r8/utils/n1$c
instanceKlass com/android/tools/r8/utils/n1$d
instanceKlass com/android/tools/r8/utils/n1
instanceKlass com/android/tools/r8/D8$$Lambda$737
instanceKlass com/android/tools/r8/inspector/a/c
instanceKlass com/android/tools/r8/inspector/Inspector
instanceKlass com/android/tools/r8/utils/t
instanceKlass com/android/tools/r8/utils/k0$i$b
instanceKlass com/android/tools/r8/utils/k0$i$a
instanceKlass com/android/tools/r8/utils/k0$i$$Lambda$733
instanceKlass com/android/tools/r8/utils/g0$a
instanceKlass com/android/tools/r8/utils/g0
instanceKlass com/android/tools/r8/utils/k0$i
instanceKlass com/android/tools/r8/utils/k0$d
instanceKlass com/android/tools/r8/utils/k0$h
instanceKlass com/android/tools/r8/utils/k0$a
instanceKlass com/android/tools/r8/utils/k0$f
instanceKlass com/android/tools/r8/utils/k0$$Lambda$729
instanceKlass com/android/tools/r8/utils/t1
instanceKlass com/android/tools/r8/Version
instanceKlass com/android/tools/r8/graph/E
instanceKlass com/android/tools/r8/graph/U0
instanceKlass com/android/tools/r8/utils/k0
instanceKlass com/android/tools/r8/ir/optimize/info/m
instanceKlass com/android/tools/r8/ir/conversion/S
instanceKlass com/android/tools/r8/ir/conversion/M
instanceKlass com/android/tools/r8/graph/y
instanceKlass com/android/tools/r8/graph/E0
instanceKlass com/android/tools/r8/D8
instanceKlass com/android/tools/r8/DataResourceProvider
instanceKlass com/android/tools/r8/utils/e$b$a
instanceKlass com/android/tools/r8/s/c/V
instanceKlass com/android/tools/r8/s/c/m
instanceKlass com/android/tools/r8/w/p$e
instanceKlass com/android/tools/r8/w/p$d
instanceKlass com/android/tools/r8/w/p$c
instanceKlass java/util/stream/Sink$ChainedInt
instanceKlass com/android/tools/r8/w/p$b$$Lambda$726
instanceKlass java/util/stream/IntPipeline$$Lambda$724
instanceKlass java/util/stream/Streams$RangeIntSpliterator
instanceKlass com/android/tools/r8/t/a/a/a/h/d
instanceKlass com/android/tools/r8/w/p$b
instanceKlass com/android/tools/r8/w/p
instanceKlass com/android/tools/r8/q/a/a/b/t$$Lambda$722
instanceKlass com/android/tools/r8/graph/Z$$Lambda$721
instanceKlass com/android/tools/r8/graph/Z$$Lambda$719
instanceKlass com/android/tools/r8/q/a/a/b/t
instanceKlass com/android/tools/r8/q/a/a/b/w$$Lambda$717
instanceKlass com/android/tools/r8/graph/Z$$Lambda$712
instanceKlass com/android/tools/r8/q/a/a/b/J$b
instanceKlass com/android/tools/r8/graph/Z$$Lambda$709
instanceKlass com/android/tools/r8/graph/Z$$Lambda$708
instanceKlass java/lang/invoke/LambdaForm$DMH
instanceKlass com/android/tools/r8/graph/Z$$Lambda$703
instanceKlass java/util/stream/Streams$AbstractStreamBuilderImpl
instanceKlass com/android/tools/r8/utils/O0
instanceKlass com/android/tools/r8/graph/Z$G
instanceKlass com/android/tools/r8/graph/Z$x
instanceKlass com/android/tools/r8/graph/Z$w
instanceKlass com/android/tools/r8/graph/Z$v
instanceKlass com/android/tools/r8/graph/Z$u
instanceKlass com/android/tools/r8/graph/Z$t
instanceKlass com/android/tools/r8/graph/Z$s
instanceKlass com/android/tools/r8/graph/Z$r
instanceKlass com/android/tools/r8/graph/Z$q
instanceKlass com/android/tools/r8/graph/Z$f
instanceKlass com/android/tools/r8/graph/Z$e
instanceKlass com/android/tools/r8/graph/Z$d
instanceKlass com/android/tools/r8/graph/Z$c
instanceKlass com/android/tools/r8/graph/Z$b
instanceKlass com/android/tools/r8/graph/Z$F
instanceKlass com/android/tools/r8/graph/Z$D
instanceKlass com/android/tools/r8/graph/Z$h
instanceKlass com/android/tools/r8/graph/Z$E
instanceKlass com/android/tools/r8/graph/Z$o
instanceKlass com/android/tools/r8/graph/Z$A
instanceKlass com/android/tools/r8/graph/Z$m
instanceKlass com/android/tools/r8/graph/Z$k
instanceKlass com/android/tools/r8/graph/Z$j
instanceKlass com/android/tools/r8/graph/Z$g
instanceKlass com/android/tools/r8/graph/Z$J
instanceKlass com/android/tools/r8/graph/Z$l
instanceKlass com/android/tools/r8/graph/Z$z
instanceKlass com/android/tools/r8/graph/Z$I
instanceKlass com/android/tools/r8/graph/Z$B
instanceKlass com/android/tools/r8/graph/Z$C
instanceKlass com/android/tools/r8/graph/Z$p
instanceKlass com/android/tools/r8/graph/Z$n
instanceKlass com/android/tools/r8/graph/Z$i
instanceKlass com/android/tools/r8/graph/Z$y
instanceKlass com/android/tools/r8/references/TypeReference
instanceKlass com/android/tools/r8/s/b/k0
instanceKlass com/android/tools/r8/s/b/n1
instanceKlass com/android/tools/r8/s/b/n0
instanceKlass com/android/tools/r8/graph/Z$H
instanceKlass com/android/tools/r8/t/a/a/a/c
instanceKlass com/android/tools/r8/t/a/a/a/f/T
instanceKlass com/android/tools/r8/t/a/a/a/h/F0
instanceKlass com/android/tools/r8/t/a/a/a/h/x0
instanceKlass com/android/tools/r8/t/a/a/a/f/H0
instanceKlass com/android/tools/r8/t/a/a/a/f/p0
instanceKlass com/android/tools/r8/t/a/a/a/h/k1
instanceKlass com/android/tools/r8/utils/d1
instanceKlass com/android/tools/r8/utils/x
instanceKlass com/android/tools/r8/s/a/p/u
instanceKlass com/android/tools/r8/t/a/a/a/f/c
instanceKlass com/android/tools/r8/graph/k1
instanceKlass com/android/tools/r8/graph/Y
instanceKlass com/android/tools/r8/t/a/a/a/f/S
instanceKlass com/android/tools/r8/t/a/a/a/f/Q
instanceKlass com/android/tools/r8/graph/Z
instanceKlass com/android/tools/r8/utils/r
instanceKlass com/android/tools/r8/utils/Y
instanceKlass com/android/tools/r8/BaseCommand$Builder$$Lambda$702
instanceKlass com/android/tools/r8/utils/Y$a
instanceKlass com/android/tools/r8/utils/z
instanceKlass com/android/tools/r8/BaseCommand$Builder$$Lambda$701
instanceKlass com/android/tools/r8/utils/j0
instanceKlass com/android/tools/r8/BaseCommand$Builder$$Lambda$700
instanceKlass com/android/builder/dexing/D8DexArchiveBuilder$$Lambda$699
instanceKlass com/android/tools/r8/AssertionsConfiguration
instanceKlass com/android/tools/r8/AssertionsConfiguration$Builder
instanceKlass com/android/tools/r8/utils/V
instanceKlass com/android/tools/r8/utils/N0
instanceKlass com/android/builder/dexing/FileBasedClassFileEntry
instanceKlass com/android/tools/r8/ProgramResource$ByteResource
instanceKlass com/android/tools/r8/BaseCommand$Builder$$Lambda$697
instanceKlass com/android/builder/dexing/NoCacheJarClassFileEntry
instanceKlass java/util/stream/StreamSpliterators$WrappingSpliterator$$Lambda$695
instanceKlass com/android/builder/dexing/D8DexArchiveBuilder$$Lambda$689
instanceKlass com/android/tools/r8/BaseCompilerCommand$Builder$$Lambda$687
instanceKlass com/android/tools/r8/m
instanceKlass com/android/tools/r8/ProgramResourceProvider
instanceKlass com/android/tools/r8/utils/e$b
instanceKlass com/android/tools/r8/DataResourceProvider$Visitor
instanceKlass com/android/tools/r8/z/a/a/h
instanceKlass com/android/tools/r8/t/a/a/a/h/Q
instanceKlass com/android/tools/r8/t/a/a/a/h/L
instanceKlass com/android/tools/r8/t/a/a/a/a
instanceKlass com/android/tools/r8/utils/e
instanceKlass com/android/tools/r8/utils/T0
instanceKlass com/android/tools/r8/ClassFileConsumer$ForwardingConsumer
instanceKlass com/android/tools/r8/ClassFileConsumer
instanceKlass com/android/tools/r8/DexFilePerClassFileConsumer$ForwardingConsumer
instanceKlass com/android/tools/r8/DexFilePerClassFileConsumer
instanceKlass com/android/tools/r8/h
instanceKlass com/android/tools/r8/DataResourceConsumer
instanceKlass com/android/tools/r8/DexIndexedConsumer$ForwardingConsumer
instanceKlass com/android/tools/r8/DexIndexedConsumer
instanceKlass com/android/tools/r8/ByteBufferProvider
instanceKlass com/android/tools/r8/ProgramConsumer
instanceKlass com/android/tools/r8/q/a/a/b/O0
instanceKlass com/android/tools/r8/q/a/a/a/E
